# JRE version: Java(TM) SE Runtime Environment (17.0.12+8) (build 17.0.12+8-LTS-286)
# Java VM: Java HotSpot(TM) 64-Bit Server VM (17.0.12+8-LTS-286, mixed mode, sharing, tiered, compressed oops, compressed class ptrs, g1 gc, windows-amd64)
GC Precious Log:
 CPUs: 4 total, 4 available
 Memory: 3521M
 Large Page Support: Disabled
 NUMA Support: Disabled
 Compressed Oops: Enabled (Zero based)
 Heap Region Size: 4M
 Heap Min Capacity: 8M
 Heap Initial Capacity: 56M
 Heap Max Capacity: 8G
 Pre-touch: Disabled
 Parallel Workers: 4
 Concurrent Workers: 1
 Concurrent Refinement Workers: 4
 Periodic GC: Disabled
Heap:
 garbage-first heap   total 1859584K, used 535120K [0x0000000600000000, 0x0000000800000000)
  region size 4096K, 6 young (24576K), 6 survivors (24576K)
 Metaspace       used 234795K, committed 236352K, reserved 1310720K
  class space    used 29185K, committed 29952K, reserved 1048576K
GC Heap History (20 events):
Event: 1018.433 GC heap after
{Heap after GC invocations=167 (full 0):
 garbage-first heap   total 1859584K, used 481953K [0x0000000600000000, 0x0000000800000000)
  region size 4096K, 2 young (8192K), 2 survivors (8192K)
 Metaspace       used 212407K, committed 213824K, reserved 1245184K
  class space    used 26184K, committed 26880K, reserved 1048576K
}
Event: 1025.949 GC heap before
{Heap before GC invocations=167 (full 0):
 garbage-first heap   total 1859584K, used 916129K [0x0000000600000000, 0x0000000800000000)
  region size 4096K, 108 young (442368K), 2 survivors (8192K)
 Metaspace       used 212473K, committed 213888K, reserved 1245184K
  class space    used 26186K, committed 26880K, reserved 1048576K
}
Event: 1025.979 GC heap after
{Heap after GC invocations=168 (full 0):
 garbage-first heap   total 1859584K, used 494932K [0x0000000600000000, 0x0000000800000000)
  region size 4096K, 5 young (20480K), 5 survivors (20480K)
 Metaspace       used 212473K, committed 213888K, reserved 1245184K
  class space    used 26186K, committed 26880K, reserved 1048576K
}
Event: 1028.639 GC heap before
{Heap before GC invocations=168 (full 0):
 garbage-first heap   total 1859584K, used 675156K [0x0000000600000000, 0x0000000800000000)
  region size 4096K, 50 young (204800K), 5 survivors (20480K)
 Metaspace       used 212477K, committed 213952K, reserved 1245184K
  class space    used 26186K, committed 26880K, reserved 1048576K
}
Event: 1028.648 GC heap after
{Heap after GC invocations=169 (full 0):
 garbage-first heap   total 1859584K, used 481314K [0x0000000600000000, 0x0000000800000000)
  region size 4096K, 1 young (4096K), 1 survivors (4096K)
 Metaspace       used 212477K, committed 213952K, reserved 1245184K
  class space    used 26186K, committed 26880K, reserved 1048576K
}
Event: 1052.946 GC heap before
{Heap before GC invocations=169 (full 0):
 garbage-first heap   total 1859584K, used 1067042K [0x0000000600000000, 0x0000000800000000)
  region size 4096K, 146 young (598016K), 1 survivors (4096K)
 Metaspace       used 225705K, committed 227200K, reserved 1310720K
  class space    used 28081K, committed 28800K, reserved 1048576K
}
Event: 1053.245 GC heap after
{Heap after GC invocations=170 (full 0):
 garbage-first heap   total 1859584K, used 507227K [0x0000000600000000, 0x0000000800000000)
  region size 4096K, 8 young (32768K), 8 survivors (32768K)
 Metaspace       used 225705K, committed 227200K, reserved 1310720K
  class space    used 28081K, committed 28800K, reserved 1048576K
}
Event: 1083.358 GC heap before
{Heap before GC invocations=171 (full 0):
 garbage-first heap   total 1859584K, used 638299K [0x0000000600000000, 0x0000000800000000)
  region size 4096K, 35 young (143360K), 8 survivors (32768K)
 Metaspace       used 229868K, committed 231424K, reserved 1310720K
  class space    used 28605K, committed 29376K, reserved 1048576K
}
Event: 1083.792 GC heap after
{Heap after GC invocations=172 (full 0):
 garbage-first heap   total 1859584K, used 520626K [0x0000000600000000, 0x0000000800000000)
  region size 4096K, 2 young (8192K), 2 survivors (8192K)
 Metaspace       used 229868K, committed 231424K, reserved 1310720K
  class space    used 28605K, committed 29376K, reserved 1048576K
}
Event: 1085.626 GC heap before
{Heap before GC invocations=172 (full 0):
 garbage-first heap   total 1859584K, used 602546K [0x0000000600000000, 0x0000000800000000)
  region size 4096K, 22 young (90112K), 2 survivors (8192K)
 Metaspace       used 230946K, committed 232512K, reserved 1310720K
  class space    used 28743K, committed 29504K, reserved 1048576K
}
Event: 1085.716 GC heap after
{Heap after GC invocations=173 (full 0):
 garbage-first heap   total 1859584K, used 507311K [0x0000000600000000, 0x0000000800000000)
  region size 4096K, 2 young (8192K), 2 survivors (8192K)
 Metaspace       used 230946K, committed 232512K, reserved 1310720K
  class space    used 28743K, committed 29504K, reserved 1048576K
}
Event: 1088.121 GC heap before
{Heap before GC invocations=173 (full 0):
 garbage-first heap   total 1859584K, used 589231K [0x0000000600000000, 0x0000000800000000)
  region size 4096K, 22 young (90112K), 2 survivors (8192K)
 Metaspace       used 232246K, committed 233728K, reserved 1310720K
  class space    used 28939K, committed 29696K, reserved 1048576K
}
Event: 1088.160 GC heap after
{Heap after GC invocations=174 (full 0):
 garbage-first heap   total 1859584K, used 508310K [0x0000000600000000, 0x0000000800000000)
  region size 4096K, 2 young (8192K), 2 survivors (8192K)
 Metaspace       used 232246K, committed 233728K, reserved 1310720K
  class space    used 28939K, committed 29696K, reserved 1048576K
}
Event: 1101.569 GC heap before
{Heap before GC invocations=174 (full 0):
 garbage-first heap   total 1859584K, used 852374K [0x0000000600000000, 0x0000000800000000)
  region size 4096K, 86 young (352256K), 2 survivors (8192K)
 Metaspace       used 232592K, committed 234176K, reserved 1310720K
  class space    used 28990K, committed 29760K, reserved 1048576K
}
Event: 1101.692 GC heap after
{Heap after GC invocations=175 (full 0):
 garbage-first heap   total 1859584K, used 517711K [0x0000000600000000, 0x0000000800000000)
  region size 4096K, 4 young (16384K), 4 survivors (16384K)
 Metaspace       used 232592K, committed 234176K, reserved 1310720K
  class space    used 28990K, committed 29760K, reserved 1048576K
}
Event: 1106.462 GC heap before
{Heap before GC invocations=175 (full 0):
 garbage-first heap   total 1859584K, used 734799K [0x0000000600000000, 0x0000000800000000)
  region size 4096K, 57 young (233472K), 4 survivors (16384K)
 Metaspace       used 233553K, committed 235072K, reserved 1310720K
  class space    used 29103K, committed 29824K, reserved 1048576K
}
Event: 1106.516 GC heap after
{Heap after GC invocations=176 (full 0):
 garbage-first heap   total 1859584K, used 526485K [0x0000000600000000, 0x0000000800000000)
  region size 4096K, 6 young (24576K), 6 survivors (24576K)
 Metaspace       used 233553K, committed 235072K, reserved 1310720K
  class space    used 29103K, committed 29824K, reserved 1048576K
}
Event: 1108.259 GC heap before
{Heap before GC invocations=176 (full 0):
 garbage-first heap   total 1859584K, used 678037K [0x0000000600000000, 0x0000000800000000)
  region size 4096K, 43 young (176128K), 6 survivors (24576K)
 Metaspace       used 233861K, committed 235392K, reserved 1310720K
  class space    used 29132K, committed 29888K, reserved 1048576K
}
Event: 1108.322 GC heap after
{Heap after GC invocations=177 (full 0):
 garbage-first heap   total 1859584K, used 524709K [0x0000000600000000, 0x0000000800000000)
  region size 4096K, 4 young (16384K), 4 survivors (16384K)
 Metaspace       used 233861K, committed 235392K, reserved 1310720K
  class space    used 29132K, committed 29888K, reserved 1048576K
}
Event: 1132.522 GC heap before
{Heap before GC invocations=177 (full 0):
 garbage-first heap   total 1859584K, used 1356197K [0x0000000600000000, 0x0000000800000000)
  region size 4096K, 207 young (847872K), 4 survivors (16384K)
 Metaspace       used 234795K, committed 236352K, reserved 1310720K
  class space    used 29185K, committed 29952K, reserved 1048576K
}

